<?xml version="1.0" encoding="UTF-8"?>
<testng-results ignored="0" total="1" passed="1" failed="0" skipped="0">
  <reporter-output>
  </reporter-output>
  <suite started-at="2024-05-21T15:28:32 IST" name="Default suite" finished-at="2024-05-21T15:28:47 IST" duration-ms="14955">
    <groups>
    </groups>
    <test started-at="2024-05-21T15:28:32 IST" name="Default test" finished-at="2024-05-21T15:28:47 IST" duration-ms="14955">
      <class name="beauty.Loreal_Test">
        <test-method signature="loreal()[pri:0, instance:beauty.Loreal_Test@6d4e5011]" started-at="2024-05-21T15:28:32 IST" name="loreal" finished-at="2024-05-21T15:28:47 IST" duration-ms="14912" status="PASS">
          <reporter-output>
          </reporter-output>
        </test-method> <!-- loreal -->
      </class> <!-- beauty.Loreal_Test -->
    </test> <!-- Default test -->
  </suite> <!-- Default suite -->
</testng-results>
